2025-11-24 22:21:08,674 - mmdet3d - INFO - load 65262 truck database infos
2025-11-24 22:21:08,674 - mmdet3d - INFO - load 161928 pedestrian database infos
2025-11-24 22:21:08,674 - mmdet3d - INFO - load 339949 car database infos
2025-11-24 22:21:08,675 - mmdet3d - INFO - load 2120 movable_object.debris database infos
2025-11-24 22:21:08,675 - mmdet3d - INFO - load 62964 traffic_cone database infos
2025-11-24 22:21:08,675 - mmdet3d - INFO - load 8846 motorcycle database infos
2025-11-24 22:21:08,675 - mmdet3d - INFO - load 2259 static_object.bicycle_rack database infos
2025-11-24 22:21:08,675 - mmdet3d - INFO - load 19195 movable_object.pushable_pullable database infos
2025-11-24 22:21:08,675 - mmdet3d - INFO - load 11 vehicle.emergency.ambulance database infos
2025-11-24 22:21:08,675 - mmdet3d - INFO - load 11050 construction_vehicle database infos
2025-11-24 22:21:08,675 - mmdet3d - INFO - load 19202 trailer database infos
2025-11-24 22:21:08,675 - mmdet3d - INFO - load 107507 barrier database infos
2025-11-24 22:21:08,675 - mmdet3d - INFO - load 8185 bicycle database infos
2025-11-24 22:21:08,675 - mmdet3d - INFO - load 12286 bus database infos
2025-11-24 22:21:08,675 - mmdet3d - INFO - load 498 vehicle.emergency.police database infos
2025-11-24 22:21:08,675 - mmdet3d - INFO - load 751 human.pedestrian.stroller database infos
2025-11-24 22:21:08,675 - mmdet3d - INFO - load 619 animal database infos
2025-11-24 22:21:08,675 - mmdet3d - INFO - load 492 human.pedestrian.wheelchair database infos
2025-11-24 22:21:08,675 - mmdet3d - INFO - load 352 human.pedestrian.personal_mobility database infos
2025-11-24 22:21:10,029 - mmdet3d - INFO - After filter database:
2025-11-24 22:21:10,032 - mmdet3d - INFO - load 51854 truck database infos
2025-11-24 22:21:10,033 - mmdet3d - INFO - load 122405 pedestrian database infos
2025-11-24 22:21:10,033 - mmdet3d - INFO - load 214084 car database infos
2025-11-24 22:21:10,033 - mmdet3d - INFO - load 2120 movable_object.debris database infos
2025-11-24 22:21:10,033 - mmdet3d - INFO - load 39825 traffic_cone database infos
2025-11-24 22:21:10,033 - mmdet3d - INFO - load 6584 motorcycle database infos
2025-11-24 22:21:10,033 - mmdet3d - INFO - load 2259 static_object.bicycle_rack database infos
2025-11-24 22:21:10,033 - mmdet3d - INFO - load 19195 movable_object.pushable_pullable database infos
2025-11-24 22:21:10,033 - mmdet3d - INFO - load 11 vehicle.emergency.ambulance database infos
2025-11-24 22:21:10,033 - mmdet3d - INFO - load 9803 construction_vehicle database infos
2025-11-24 22:21:10,033 - mmdet3d - INFO - load 16770 trailer database infos
2025-11-24 22:21:10,033 - mmdet3d - INFO - load 87434 barrier database infos
2025-11-24 22:21:10,033 - mmdet3d - INFO - load 5984 bicycle database infos
2025-11-24 22:21:10,033 - mmdet3d - INFO - load 10100 bus database infos
2025-11-24 22:21:10,033 - mmdet3d - INFO - load 498 vehicle.emergency.police database infos
2025-11-24 22:21:10,033 - mmdet3d - INFO - load 751 human.pedestrian.stroller database infos
2025-11-24 22:21:10,033 - mmdet3d - INFO - load 619 animal database infos
2025-11-24 22:21:10,033 - mmdet3d - INFO - load 492 human.pedestrian.wheelchair database infos
2025-11-24 22:21:10,033 - mmdet3d - INFO - load 352 human.pedestrian.personal_mobility database infos
